[2026-07-09T21:58:56.648Z] Server started on http://localhost:4173
[2026-07-09T22:00:52.346Z] Server started on http://localhost:4173
[2026-07-09T22:01:04.088Z] 200 /
[2026-07-09T22:01:49.625Z] 200 /
[2026-07-09T22:20:59.015Z] 200 /
[2026-07-09T22:20:59.066Z] 200 /styles.css
[2026-07-09T22:20:59.067Z] 200 /app.js
[2026-07-09T22:20:59.202Z] 404 /favicon.ico
[2026-07-09T22:21:19.772Z] 200 /
[2026-07-09T22:21:19.784Z] 200 /styles.css
[2026-07-09T22:21:19.785Z] 200 /app.js
[2026-07-09T22:21:19.905Z] 404 /favicon.ico
[2026-07-09T22:26:46.386Z] Server started on http://localhost:4173
[2026-07-09T22:26:56.592Z] 200 /
[2026-07-09T22:27:14.215Z] 200 /
[2026-07-09T22:27:14.225Z] 200 /app.js
[2026-07-09T22:27:14.226Z] 200 /styles.css
[2026-07-09T22:28:35.792Z] Server started on http://localhost:4173
[2026-07-09T22:28:53.255Z] Server started on http://localhost:4173
[2026-07-09T22:29:04.038Z] 200 /
[2026-07-09T22:29:07.872Z] 200 /
[2026-07-09T22:29:07.882Z] 200 /styles.css
[2026-07-09T22:29:07.883Z] 200 /app.js
[2026-07-09T22:32:04.072Z] 200 /
[2026-07-09T22:32:04.155Z] 200 /styles.css
[2026-07-09T22:32:04.156Z] 200 /app.js
[2026-07-09T22:45:23.365Z] 200 /
[2026-07-09T22:45:23.377Z] 200 /styles.css
[2026-07-09T22:45:23.378Z] 200 /app.js
[2026-07-09T22:48:09.022Z] 200 /
[2026-07-09T22:48:20.976Z] 200 /
[2026-07-09T22:48:20.984Z] 200 /styles.css
[2026-07-09T22:48:20.986Z] 200 /app.js
[2026-07-09T22:50:02.789Z] 200 /
[2026-07-09T22:50:02.803Z] 200 /styles.css
[2026-07-09T22:50:02.803Z] 200 /app.js
[2026-07-09T22:55:11.389Z] Server started on http://localhost:4173
[2026-07-09T22:55:22.500Z] 200 /api/storefront-designs
[2026-07-09T22:55:22.505Z] 200 /
[2026-07-09T22:56:12.512Z] 201 /api/design-submissions
[2026-07-09T22:56:18.259Z] 200 /
[2026-07-09T22:56:18.271Z] 200 /api/storefront-designs
[2026-07-09T22:57:03.162Z] 200 /
[2026-07-09T22:57:03.175Z] 200 /styles.css
[2026-07-09T22:57:03.176Z] 200 /app.js
[2026-07-09T22:57:03.179Z] 200 /api/storefront-designs
[2026-07-09T22:57:23.188Z] 201 /api/design-submissions
[2026-07-10T11:22:01.969Z] Server started on http://localhost:4173
[2026-07-10T11:22:11.849Z] 200 /
[2026-07-10T11:22:11.953Z] 200 /api/storefront-designs
[2026-07-10T12:42:08.744Z] 200 /
[2026-07-10T12:42:08.763Z] 200 /styles.css
[2026-07-10T12:42:08.763Z] 200 /app.js
[2026-07-10T12:42:08.805Z] 200 /api/storefront-designs
[2026-07-10T12:42:08.838Z] 404 /favicon.ico
[2026-07-10T12:46:36.637Z] Server started on http://localhost:4173
[2026-07-10T12:46:49.147Z] 200 /api/storefront-designs
[2026-07-10T12:46:49.667Z] 200 /
[2026-07-10T12:48:51.717Z] 200 /api/storefront-designs
[2026-07-10T12:49:09.430Z] 200 /
[2026-07-10T12:50:28.849Z] 200 /
[2026-07-10T12:50:28.862Z] 200 /styles.css
[2026-07-10T12:50:28.863Z] 200 /app.js
[2026-07-10T12:50:28.867Z] 200 /api/storefront-designs
[2026-07-10T12:51:14.995Z] 201 /api/design-submissions
[2026-07-10T13:07:43.482Z] 200 /
[2026-07-10T13:07:43.492Z] 200 /styles.css
[2026-07-10T13:07:43.493Z] 200 /app.js
[2026-07-10T13:07:43.515Z] 200 /api/storefront-designs
[2026-07-10T13:07:44.578Z] 200 /
[2026-07-10T13:07:44.588Z] 200 /styles.css
[2026-07-10T13:07:44.589Z] 200 /app.js
[2026-07-10T13:07:44.607Z] 200 /api/storefront-designs
[2026-07-10T13:11:18.612Z] Server started on http://localhost:4173
[2026-07-10T13:11:30.063Z] 200 /
[2026-07-10T13:11:30.368Z] 200 /
